<?xml version="1.0" encoding="UTF-8"?>
<!-- Generated by org.testng.reporters.JUnitXMLReporter -->
<testsuite hostname="DESKTOP-858LOL2" ignored="0" name="Default test" tests="3" failures="0" timestamp="23 Feb 2019 17:45:43 GMT" time="115.878" errors="0">
  <testcase name="verifyTicketsPageLabelTest" time="11.778" classname="com.crm.qa.testcases.TicketsPageTest"/>
  <testcase name="validateCreateNewTicket" time="30.037" classname="com.crm.qa.testcases.TicketsPageTest"/>
  <testcase name="validateCreateNewTicket" time="33.612" classname="com.crm.qa.testcases.TicketsPageTest"/>
</testsuite> <!-- Default test -->
