<?xml version="1.0" encoding="UTF-8"?>
<!-- Generated by org.testng.reporters.JUnitXMLReporter -->
<testsuite hostname="DESKTOP-858LOL2" ignored="0" name="Default test" tests="4" failures="0" timestamp="20 Feb 2019 12:07:47 GMT" time="166.034" errors="0">
  <testcase name="verifyContactsPageLabel" time="8.215" classname="com.crm.qa.testcases.ContactsPageTest"/>
  <testcase name="validateCreateNewContact" time="33.937" classname="com.crm.qa.testcases.ContactsPageTest"/>
  <testcase name="validateCreateNewContact" time="32.557" classname="com.crm.qa.testcases.ContactsPageTest"/>
  <testcase name="validateCreateNewContact" time="32.104" classname="com.crm.qa.testcases.ContactsPageTest"/>
</testsuite> <!-- Default test -->
