<?xml version="1.0" encoding="UTF-8"?>
<!-- Generated by org.testng.reporters.JUnitXMLReporter -->
<testsuite hostname="DESKTOP-858LOL2" ignored="0" name="HubSpot CRM App Test Cases" tests="2" failures="0" timestamp="18 Feb 2019 10:00:33 GMT" time="31.008" errors="0">
  <testcase name="LoginPageTitleTest" time="0.152" classname="com.crm.qa.testcases.LoginPageTest"/>
  <testcase name="LoginTest" time="7.283" classname="com.crm.qa.testcases.LoginPageTest"/>
</testsuite> <!-- HubSpot CRM App Test Cases -->
