<?xml version="1.0" encoding="UTF-8"?>
<!-- Generated by org.testng.reporters.JUnitXMLReporter -->
<testsuite hostname="DESKTOP-858LOL2" ignored="0" name="HubSpot CRM App Test Cases" tests="3" failures="0" timestamp="19 Feb 2019 09:18:01 GMT" time="46.172" errors="0">
  <testcase name="LoginPageTitleTest" time="0.066" classname="com.crm.qa.testcases.LoginPageTest"/>
  <testcase name="ContactsTest" time="7.318" classname="com.crm.qa.testcases.ContactsPageTest"/>
  <testcase name="LoginTest" time="7.294" classname="com.crm.qa.testcases.LoginPageTest"/>
</testsuite> <!-- HubSpot CRM App Test Cases -->
