<?xml version="1.0" encoding="UTF-8"?>
<testng-results skipped="0" failed="0" ignored="0" total="2" passed="2">
  <reporter-output>
  </reporter-output>
  <suite name="HubSpot CRM Application Test Automation Test Suite" duration-ms="31008" started-at="2019-02-18T10:00:02Z" finished-at="2019-02-18T10:00:33Z">
    <groups>
    </groups>
    <test name="HubSpot CRM App Test Cases" duration-ms="31008" started-at="2019-02-18T10:00:02Z" finished-at="2019-02-18T10:00:33Z">
      <class name="com.crm.qa.testcases.LoginPageTest">
        <test-method status="PASS" signature="setUp()[pri:0, instance:com.crm.qa.testcases.LoginPageTest@548e7350]" name="setUp" is-config="true" duration-ms="13187" started-at="2019-02-18T10:00:02Z" finished-at="2019-02-18T10:00:15Z">
          <reporter-output>
          </reporter-output>
        </test-method> <!-- setUp -->
        <test-method status="PASS" signature="LoginPageTitleTest()[pri:1, instance:com.crm.qa.testcases.LoginPageTest@548e7350]" name="LoginPageTitleTest" duration-ms="152" started-at="2019-02-18T10:00:15Z" finished-at="2019-02-18T10:00:15Z">
          <reporter-output>
          </reporter-output>
        </test-method> <!-- LoginPageTitleTest -->
        <test-method status="PASS" signature="tearDown()[pri:0, instance:com.crm.qa.testcases.LoginPageTest@548e7350]" name="tearDown" is-config="true" duration-ms="928" started-at="2019-02-18T10:00:15Z" finished-at="2019-02-18T10:00:16Z">
          <reporter-output>
          </reporter-output>
        </test-method> <!-- tearDown -->
        <test-method status="PASS" signature="setUp()[pri:0, instance:com.crm.qa.testcases.LoginPageTest@548e7350]" name="setUp" is-config="true" duration-ms="8197" started-at="2019-02-18T10:00:16Z" finished-at="2019-02-18T10:00:24Z">
          <reporter-output>
          </reporter-output>
        </test-method> <!-- setUp -->
        <test-method status="PASS" signature="LoginTest()[pri:2, instance:com.crm.qa.testcases.LoginPageTest@548e7350]" name="LoginTest" duration-ms="7283" started-at="2019-02-18T10:00:24Z" finished-at="2019-02-18T10:00:32Z">
          <reporter-output>
          </reporter-output>
        </test-method> <!-- LoginTest -->
        <test-method status="PASS" signature="tearDown()[pri:0, instance:com.crm.qa.testcases.LoginPageTest@548e7350]" name="tearDown" is-config="true" duration-ms="1129" started-at="2019-02-18T10:00:32Z" finished-at="2019-02-18T10:00:33Z">
          <reporter-output>
          </reporter-output>
        </test-method> <!-- tearDown -->
      </class> <!-- com.crm.qa.testcases.LoginPageTest -->
    </test> <!-- HubSpot CRM App Test Cases -->
  </suite> <!-- HubSpot CRM Application Test Automation Test Suite -->
</testng-results>
